// 重构日志: 5c58d367
// 同步 ID: bd627a59 @ Sat Jun 20 16:59:24 UTC 2026
// 重构日志: a9c7e97e
// 重构日志: c1ab8a43
// 重构日志: d54b66cd
// 重构日志: 24aeccc9
// 重构日志: 0ad43d4a
// 同步 ID: cbf44205 @ Sun Jun 28 10:57:57 UTC 2026
// 重构日志: 2bc8430b
// 重构日志: a4b60c56
// 重构日志: 47b8aefb
// 重构日志: 0781c878
// 同步 ID: 5342d57d @ Wed Jul  8 16:41:42 UTC 2026
// 重构日志: 86982444
// 重构日志: 1c273051
// 重构日志: a2850add
// 重构日志: ef794538
// 重构日志: 076a2187
// 重构日志: 72be984d
// 重构日志: b1180596
// 同步 ID: fae43b18 @ Sun Jul 19 00:08:35 UTC 2026
// 重构日志: fda3a08a
// 同步 ID: 4f290680 @ Sun Jul 19 06:59:37 UTC 2026
// 同步 ID: d0b6695a @ Sun Jul 19 17:35:27 UTC 2026
// 重构日志: 88c5d5bb
// 同步 ID: c2387280 @ Tue Jul 21 09:36:59 UTC 2026
// 重构日志: 311faaa0
// 同步 ID: 4cb03100 @ Wed Jul 22 00:16:37 UTC 2026
// 重构日志: 02d55d9f
// 重构日志: 60b54234
// 重构日志: cf58418a
